  main.cpp
C:\Users\USER\Documents\Visual Studio 2022\data-structure-lab-2026-4\Lec04_Class_Example\Music.h(57,10): error C2143: 구문 오류: ';'이(가) '<<' 앞에 없습니다.
  (소스 파일 'main.cpp'을(를) 컴파일하는 중)
  
C:\Users\USER\Documents\Visual Studio 2022\data-structure-lab-2026-4\Lec04_Class_Example\Music.h(57,5): error C4430: 형식 지정자가 없습니다. int로 가정합니다. 참고: C++에서는 기본 int를 지원하지 않습니다.
  (소스 파일 'main.cpp'을(를) 컴파일하는 중)
  
C:\Users\USER\Documents\Visual Studio 2022\data-structure-lab-2026-4\Lec04_Class_Example\Music.h(60,16): error C2065: 'music': 선언되지 않은 식별자입니다.
  (소스 파일 'main.cpp'을(를) 컴파일하는 중)
  
C:\Users\USER\Documents\Visual Studio 2022\data-structure-lab-2026-4\Lec04_Class_Example\Music.h(60,22): error C2059: 구문 오류: '>'
  (소스 파일 'main.cpp'을(를) 컴파일하는 중)
  
C:\Users\USER\Documents\Visual Studio 2022\data-structure-lab-2026-4\Lec04_Class_Example\Music.h(60,76): error C2238: ';' 앞에 예기치 않은 토큰이 있습니다.
  (소스 파일 'main.cpp'을(를) 컴파일하는 중)
  
C:\Users\USER\Documents\Visual Studio 2022\data-structure-lab-2026-4\Lec04_Class_Example\Music.h(61,9): error C2059: 구문 오류: 'if'
  (소스 파일 'main.cpp'을(를) 컴파일하는 중)
  
C:\Users\USER\Documents\Visual Studio 2022\data-structure-lab-2026-4\Lec04_Class_Example\Music.h(61,35): error C2334: '{' 앞에 예기치 않은 토큰이 있습니다. 명백한 함수 본문을 건너뜁니다.
  (소스 파일 'main.cpp'을(를) 컴파일하는 중)
  
C:\Users\USER\Documents\Visual Studio 2022\data-structure-lab-2026-4\Lec04_Class_Example\Music.h(68,9): error C2059: 구문 오류: 'return'
  (소스 파일 'main.cpp'을(를) 컴파일하는 중)
  
C:\Users\USER\Documents\Visual Studio 2022\data-structure-lab-2026-4\Lec04_Class_Example\Music.h(68,23): error C2238: ';' 앞에 예기치 않은 토큰이 있습니다.
  (소스 파일 'main.cpp'을(를) 컴파일하는 중)
  
C:\Users\USER\Documents\Visual Studio 2022\data-structure-lab-2026-4\Lec04_Class_Example\Music.h(70,1): error C2059: 구문 오류: '}'
  (소스 파일 'main.cpp'을(를) 컴파일하는 중)
  
C:\Users\USER\Documents\Visual Studio 2022\data-structure-lab-2026-4\Lec04_Class_Example\Music.h(70,1): error C2143: 구문 오류: ';'이(가) '}' 앞에 없습니다.
  (소스 파일 'main.cpp'을(를) 컴파일하는 중)
  
C:\Users\USER\Documents\Visual Studio 2022\data-structure-lab-2026-4\Lec04_Class_Example\main.cpp(58,20): error C2601: 'searchByArtist': 지역 함수 정의가 잘못되었습니다.
C:\Users\USER\Documents\Visual Studio 2022\data-structure-lab-2026-4\Lec04_Class_Example\main.cpp(73,1): error C1004: 예기치 않은 파일의 끝이 나타났습니다.
